[15-Mar-2025 02:52:45 UTC] PHP Warning:  Undefined array key "host" in /workspaces/UX221A-3/.wordpress/wp-includes/pluggable.php on line 1625
[15-Mar-2025 02:58:54 UTC] PHP Warning:  Undefined variable $parent_theme_name in /workspaces/UX221A-3/.wordpress/wp-content/mu-plugins/one-click-child-theme/templates/create_child_form.php on line 18
[15-Mar-2025 03:07:35 UTC] PHP Fatal error:  Out of memory (allocated 39845888) (tried to allocate 2097152 bytes) in /workspaces/UX221A-3/.wordpress/wp-content/plugins/ecommerce-product-catalog/modules/price/price-settings.php on line 28
[15-Mar-2025 03:07:36 UTC] PHP Fatal error:  Out of memory (allocated 35651584) (tried to allocate 2097152 bytes) in /workspaces/UX221A-3/.wordpress/wp-content/plugins/ecommerce-product-catalog/modules/price/price-settings.php on line 26
[15-Mar-2025 03:07:37 UTC] PHP Fatal error:  Out of memory (allocated 33554432) (tried to allocate 2097152 bytes) in /workspaces/UX221A-3/.wordpress/wp-content/plugins/ecommerce-product-catalog/modules/price/price-settings.php on line 26
[15-Mar-2025 03:07:42 UTC] PHP Fatal error:  Out of memory (allocated 31457280) (tried to allocate 2097152 bytes) in /workspaces/UX221A-3/.wordpress/wp-content/plugins/ecommerce-product-catalog/modules/price/price-meta.php on line 32
[15-Mar-2025 03:07:42 UTC] PHP Fatal error:  Out of memory (allocated 31457280) (tried to allocate 12288 bytes) in /workspaces/UX221A-3/.wordpress/wp-includes/PHPMailer/PHPMailer.php on line 2271
[15-Mar-2025 03:07:44 UTC] PHP Fatal error:  Out of memory (allocated 31457280) (tried to allocate 2097152 bytes) in /workspaces/UX221A-3/.wordpress/wp-content/plugins/ecommerce-product-catalog/modules/price/price-settings.php on line 26
[15-Mar-2025 03:07:52 UTC] PHP Fatal error:  Out of memory (allocated 31457280) (tried to allocate 2097152 bytes) in /workspaces/UX221A-3/.wordpress/wp-content/plugins/ecommerce-product-catalog/modules/price/price-settings.php on line 26
[15-Mar-2025 03:07:52 UTC] PHP Fatal error:  Out of memory (allocated 31457280) (tried to allocate 2097152 bytes) in /workspaces/UX221A-3/.wordpress/wp-content/plugins/ecommerce-product-catalog/modules/price/price-settings.php on line 28
[15-Mar-2025 03:07:52 UTC] PHP Fatal error:  Out of memory (allocated 31457280) (tried to allocate 2097152 bytes) in /workspaces/UX221A-3/.wordpress/wp-content/plugins/ecommerce-product-catalog/modules/price/price-settings.php on line 28
[15-Mar-2025 03:07:52 UTC] PHP Fatal error:  Out of memory (allocated 31457280) (tried to allocate 2097152 bytes) in /workspaces/UX221A-3/.wordpress/wp-content/plugins/ecommerce-product-catalog/modules/price/price-meta.php on line 32
[15-Mar-2025 03:07:57 UTC] PHP Fatal error:  Out of memory (allocated 31457280) (tried to allocate 2097152 bytes) in /workspaces/UX221A-3/.wordpress/wp-content/plugins/ecommerce-product-catalog/modules/price/price-settings.php on line 26
[15-Mar-2025 03:08:01 UTC] PHP Fatal error:  Out of memory (allocated 31457280) (tried to allocate 2097152 bytes) in /workspaces/UX221A-3/.wordpress/wp-content/plugins/ecommerce-product-catalog/modules/price/price-meta.php on line 38
[15-Mar-2025 03:08:05 UTC] PHP Fatal error:  Out of memory (allocated 31457280) (tried to allocate 2097152 bytes) in /workspaces/UX221A-3/.wordpress/wp-content/plugins/ecommerce-product-catalog/modules/price/price-meta.php on line 32
[15-Mar-2025 03:08:15 UTC] PHP Fatal error:  Out of memory (allocated 31457280) (tried to allocate 2097152 bytes) in /workspaces/UX221A-3/.wordpress/wp-content/plugins/ecommerce-product-catalog/modules/price/price-meta.php on line 32
[15-Mar-2025 03:08:18 UTC] PHP Fatal error:  Out of memory (allocated 31457280) (tried to allocate 2097152 bytes) in /workspaces/UX221A-3/.wordpress/wp-content/plugins/ecommerce-product-catalog/modules/price/price-settings.php on line 26
[15-Mar-2025 03:08:25 UTC] PHP Fatal error:  Out of memory (allocated 31457280) (tried to allocate 2097152 bytes) in /workspaces/UX221A-3/.wordpress/wp-content/plugins/ecommerce-product-catalog/modules/price/price-meta.php on line 32
[15-Mar-2025 03:08:32 UTC] PHP Fatal error:  Out of memory (allocated 31457280) (tried to allocate 2097152 bytes) in /workspaces/UX221A-3/.wordpress/wp-content/plugins/ecommerce-product-catalog/modules/price/price-meta.php on line 38
[15-Mar-2025 03:08:33 UTC] PHP Fatal error:  Out of memory (allocated 31457280) (tried to allocate 2097152 bytes) in /workspaces/UX221A-3/.wordpress/wp-content/plugins/ecommerce-product-catalog/functions/functions.php on line 1833
[15-Mar-2025 03:08:39 UTC] PHP Fatal error:  Out of memory (allocated 31457280) (tried to allocate 2097152 bytes) in /workspaces/UX221A-3/.wordpress/wp-content/plugins/ecommerce-product-catalog/ext-comp/index.php on line 85
[15-Mar-2025 03:08:41 UTC] PHP Fatal error:  Out of memory (allocated 31457280) (tried to allocate 2097152 bytes) in /workspaces/UX221A-3/.wordpress/wp-content/plugins/ecommerce-product-catalog/functions/functions.php on line 1833
